<?xml version="1.0" encoding="UTF-8"?>
<!-- Generated by org.testng.reporters.JUnitXMLReporter -->
<testsuite hostname="DESKTOP-5QSTMII" ignored="0" name="Test" tests="11" failures="0" timestamp="10 Apr 2021 09:45:59 GMT" time="0.976" errors="0">
  <testcase name="@BeforeSuite setup" time="0.0" classname="com.men.test.MenCatTest">
    <failure type="org.openqa.selenium.TimeoutException" message="timeout: Timed out receiving message from renderer: 14.792
  (Session info: chrome=89.0.4389.114)
Build info: version: &amp;apos;3.141.59&amp;apos;, revision: &amp;apos;e82be7d358&amp;apos;, time: &amp;apos;2018-11-14T08:17:03&amp;apos;
System info: host: &amp;apos;DESKTOP-5QSTMII&amp;apos;, ip: &amp;apos;192.168.43.211&amp;apos;, os.name: &amp;apos;Windows 10&amp;apos;, os.arch: &amp;apos;amd64&amp;apos;, os.version: &amp;apos;10.0&amp;apos;, java.version: &amp;apos;1.8.0_144&amp;apos;
Driver info: org.openqa.selenium.chrome.ChromeDriver
Capabilities {acceptInsecureCerts: false, browserName: chrome, browserVersion: 89.0.4389.114, chrome: {chromedriverVersion: 89.0.4389.23 (61b08ee2c5002..., userDataDir: C:\Users\LOGITECH\AppData\L...}, goog:chromeOptions: {debuggerAddress: localhost:64839}, javascriptEnabled: true, networkConnectionEnabled: false, pageLoadStrategy: normal, platform: WINDOWS, platformName: WINDOWS, proxy: Proxy(), setWindowRect: true, strictFileInteractability: false, timeouts: {implicit: 0, pageLoad: 300000, script: 30000}, unhandledPromptBehavior: dismiss and notify, webauthn:extension:largeBlob: true, webauthn:virtualAuthenticators: true}
Session ID: 02d8284bfe986f961924857fb2bdf382">
      <![CDATA[org.openqa.selenium.TimeoutException: timeout: Timed out receiving message from renderer: 14.792
  (Session info: chrome=89.0.4389.114)
Build info: version: '3.141.59', revision: 'e82be7d358', time: '2018-11-14T08:17:03'
System info: host: 'DESKTOP-5QSTMII', ip: '192.168.43.211', os.name: 'Windows 10', os.arch: 'amd64', os.version: '10.0', java.version: '1.8.0_144'
Driver info: org.openqa.selenium.chrome.ChromeDriver
Capabilities {acceptInsecureCerts: false, browserName: chrome, browserVersion: 89.0.4389.114, chrome: {chromedriverVersion: 89.0.4389.23 (61b08ee2c5002..., userDataDir: C:\Users\LOGITECH\AppData\L...}, goog:chromeOptions: {debuggerAddress: localhost:64839}, javascriptEnabled: true, networkConnectionEnabled: false, pageLoadStrategy: normal, platform: WINDOWS, platformName: WINDOWS, proxy: Proxy(), setWindowRect: true, strictFileInteractability: false, timeouts: {implicit: 0, pageLoad: 300000, script: 30000}, unhandledPromptBehavior: dismiss and notify, webauthn:extension:largeBlob: true, webauthn:virtualAuthenticators: true}
Session ID: 02d8284bfe986f961924857fb2bdf382
	at org.openqa.selenium.remote.http.W3CHttpResponseCodec.createException(W3CHttpResponseCodec.java:187)
	at org.openqa.selenium.remote.http.W3CHttpResponseCodec.decode(W3CHttpResponseCodec.java:122)
	at org.openqa.selenium.remote.http.W3CHttpResponseCodec.decode(W3CHttpResponseCodec.java:49)
	at org.openqa.selenium.remote.HttpCommandExecutor.execute(HttpCommandExecutor.java:158)
	at org.openqa.selenium.remote.service.DriverCommandExecutor.execute(DriverCommandExecutor.java:83)
	at org.openqa.selenium.remote.RemoteWebDriver.execute(RemoteWebDriver.java:552)
	at org.openqa.selenium.remote.RemoteWebDriver.get(RemoteWebDriver.java:277)
	at org.openqa.selenium.support.events.EventFiringWebDriver.lambda$new$1(EventFiringWebDriver.java:105)
	at com.sun.proxy.$Proxy7.get(Unknown Source)
	at org.openqa.selenium.support.events.EventFiringWebDriver.get(EventFiringWebDriver.java:165)
	at com.men.test.Testbase.initialization(Testbase.java:73)
	at com.men.test.MenCatTest.setup(MenCatTest.java:32)
... Removed 27 stack frames]]>
    </failure>
  </testcase> <!-- @BeforeSuite setup -->
  <testcase name="validateElementList" time="0.122" classname="com.men.test.MenCatTest">
    <skipped/>
  </testcase> <!-- validateElementList -->
  <testcase name="validateTopCategory" time="0.0" classname="com.men.test.MenCatTest">
    <skipped/>
  </testcase> <!-- validateTopCategory -->
  <testcase name="validateListOfDuffleBags" time="0.0" classname="com.men.test.MenCatTest">
    <skipped/>
  </testcase> <!-- validateListOfDuffleBags -->
  <testcase name="validateMencategory" time="0.0" classname="com.men.test.MenCatTest">
    <skipped/>
  </testcase> <!-- validateMencategory -->
  <testcase name="validateReview" time="0.0" classname="com.men.test.MenCatTest">
    <skipped/>
  </testcase> <!-- validateReview -->
  <testcase name="validateSizeChart" time="0.0" classname="com.men.test.MenCatTest">
    <skipped/>
  </testcase> <!-- validateSizeChart -->
  <testcase name="validatePageTitle" time="0.001" classname="com.men.test.MenCatTest">
    <skipped/>
  </testcase> <!-- validatePageTitle -->
  <testcase name="verifyremoveProduct" time="0.0" classname="com.men.test.MenCatTest">
    <skipped/>
  </testcase> <!-- verifyremoveProduct -->
  <testcase name="verifyfillupAddressUsingExcel" time="0.0" classname="com.men.test.MenCatTest">
    <skipped/>
  </testcase> <!-- verifyfillupAddressUsingExcel -->
  <testcase name="validatePaymentButtons" time="0.0" classname="com.men.test.MenCatTest">
    <skipped/>
  </testcase> <!-- validatePaymentButtons -->
  <testcase name="validateBankName" time="0.001" classname="com.men.test.MenCatTest">
    <skipped/>
  </testcase> <!-- validateBankName -->
</testsuite> <!-- Test -->
